<?xml version="1.0" encoding="UTF-8"?>
<!-- Generated by org.testng.reporters.JUnitXMLReporter -->
<testsuite ignored="2" hostname="Murats-Air.home" failures="1" tests="2" name="All Tests" time="14.3" errors="0" timestamp="12 Nov 2020 04:45:23 GMT">
  <testcase classname="pageObjectsTests.LoginTests" name="loginTest_CorrectCredentials_SuccessfullyLogin" time="4.553"/>
  <testcase classname="pageObjectsTests.PlaylistTests" name="playlistTest_RenamePlaylist_RenamedPlaylist" time="6.486">
    <failure type="org.openqa.selenium.interactions.MoveTargetOutOfBoundsException" message="(128, 1031) is out of bounds of viewport width (1400) and height (926)
Build info: version: &amp;apos;3.141.59&amp;apos;, revision: &amp;apos;e82be7d358&amp;apos;, time: &amp;apos;2018-11-14T08:17:03&amp;apos;
System info: host: &amp;apos;Murats-Air.home&amp;apos;, ip: &amp;apos;fd4b:8d38:69ba:1:5d1a:cd94:dbbd:be4d%en0&amp;apos;, os.name: &amp;apos;Mac OS X&amp;apos;, os.arch: &amp;apos;x86_64&amp;apos;, os.version: &amp;apos;10.15.7&amp;apos;, java.version: &amp;apos;15&amp;apos;
Driver info: org.openqa.selenium.firefox.FirefoxDriver
Capabilities {acceptInsecureCerts: true, browserName: firefox, browserVersion: 82.0.2, javascriptEnabled: true, moz:accessibilityChecks: false, moz:buildID: 20201027185343, moz:geckodriverVersion: 0.27.0, moz:headless: true, moz:processID: 5617, moz:profile: /var/folders/56/yymvc2y933n..., moz:shutdownTimeout: 60000, moz:useNonSpecCompliantPointerOrigin: false, moz:webdriverClick: true, pageLoadStrategy: normal, platform: MAC, platformName: MAC, platformVersion: 19.6.0, rotatable: false, setWindowRect: true, strictFileInteractability: false, timeouts: {implicit: 0, pageLoad: 300000, script: 30000}, unhandledPromptBehavior: dismiss and notify}
Session ID: 9f8924c2-59a2-9e41-90b3-a3d3e083a10b">
      <![CDATA[org.openqa.selenium.interactions.MoveTargetOutOfBoundsException: (128, 1031) is out of bounds of viewport width (1400) and height (926)
Build info: version: '3.141.59', revision: 'e82be7d358', time: '2018-11-14T08:17:03'
System info: host: 'Murats-Air.home', ip: 'fd4b:8d38:69ba:1:5d1a:cd94:dbbd:be4d%en0', os.name: 'Mac OS X', os.arch: 'x86_64', os.version: '10.15.7', java.version: '15'
Driver info: org.openqa.selenium.firefox.FirefoxDriver
Capabilities {acceptInsecureCerts: true, browserName: firefox, browserVersion: 82.0.2, javascriptEnabled: true, moz:accessibilityChecks: false, moz:buildID: 20201027185343, moz:geckodriverVersion: 0.27.0, moz:headless: true, moz:processID: 5617, moz:profile: /var/folders/56/yymvc2y933n..., moz:shutdownTimeout: 60000, moz:useNonSpecCompliantPointerOrigin: false, moz:webdriverClick: true, pageLoadStrategy: normal, platform: MAC, platformName: MAC, platformVersion: 19.6.0, rotatable: false, setWindowRect: true, strictFileInteractability: false, timeouts: {implicit: 0, pageLoad: 300000, script: 30000}, unhandledPromptBehavior: dismiss and notify}
Session ID: 9f8924c2-59a2-9e41-90b3-a3d3e083a10b
at org.openqa.selenium.remote.http.W3CHttpResponseCodec.createException(W3CHttpResponseCodec.java:187)
at org.openqa.selenium.remote.http.W3CHttpResponseCodec.decode(W3CHttpResponseCodec.java:122)
at org.openqa.selenium.remote.http.W3CHttpResponseCodec.decode(W3CHttpResponseCodec.java:49)
at org.openqa.selenium.remote.HttpCommandExecutor.execute(HttpCommandExecutor.java:158)
at org.openqa.selenium.remote.service.DriverCommandExecutor.execute(DriverCommandExecutor.java:83)
at org.openqa.selenium.remote.RemoteWebDriver.execute(RemoteWebDriver.java:552)
at org.openqa.selenium.remote.RemoteWebDriver.perform(RemoteWebDriver.java:618)
at org.openqa.selenium.interactions.Actions$BuiltAction.perform(Actions.java:639)
at org.openqa.selenium.interactions.Actions.perform(Actions.java:595)
at pageObjects.MainPage.renamePlaylist(MainPage.java:85)
at pageObjectsTests.PlaylistTests.playlistTest_RenamePlaylist_RenamedPlaylist(PlaylistTests.java:26)
at java.base/java.util.concurrent.ThreadPoolExecutor.runWorker(ThreadPoolExecutor.java:1130)
at java.base/java.util.concurrent.ThreadPoolExecutor$Worker.run(ThreadPoolExecutor.java:630)
at java.base/java.lang.Thread.run(Thread.java:832)
... Removed 15 stack frames]]>
    </failure>
  </testcase> <!-- playlistTest_RenamePlaylist_RenamedPlaylist -->
  <testcase classname="pageObjectsTests.PlaylistTests" name="playlistTest_CreatePlaylist_PlaylistCreated" time="0.0">
    <ignored/>
  </testcase> <!-- playlistTest_CreatePlaylist_PlaylistCreated -->
  <testcase classname="pageObjectsTests.LoginTests" name="loginTest_WrongCredentials_RedFrame" time="0.0">
    <ignored/>
  </testcase> <!-- loginTest_WrongCredentials_RedFrame -->
</testsuite> <!-- All Tests -->
