<?xml version="1.0" encoding="UTF-8"?>
<testng-results ignored="2" total="4" passed="1" failed="1" skipped="0">
  <reporter-output>
  </reporter-output>
  <suite started-at="2020-11-12T04:45:09Z" name="Master Suite" finished-at="2020-11-12T04:45:23Z" duration-ms="14300">
    <groups>
    </groups>
    <test started-at="2020-11-12T04:45:09Z" name="All Tests" finished-at="2020-11-12T04:45:23Z" duration-ms="14300">
      <class name="pageObjectsTests.PlaylistTests">
        <test-method is-config="true" signature="startApp(java.lang.String, java.lang.String, java.lang.String)[pri:0, instance:pageObjectsTests.PlaylistTests@27adc16e]" started-at="2020-11-12T04:45:09Z" name="startApp" finished-at="2020-11-12T04:45:15Z" duration-ms="6798" status="PASS">
          <params>
            <param index="0">
              <value>
                <![CDATA[muratj.tm@gmail.com]]>
              </value>
            </param>
            <param index="1">
              <value>
                <![CDATA[te$t$tudent]]>
              </value>
            </param>
            <param index="2">
              <value>
                <![CDATA[FIREFOX]]>
              </value>
            </param>
          </params>
          <reporter-output>
          </reporter-output>
        </test-method> <!-- startApp -->
        <test-method signature="playlistTest_RenamePlaylist_RenamedPlaylist()[pri:0, instance:pageObjectsTests.PlaylistTests@27adc16e]" started-at="2020-11-12T04:45:15Z" name="playlistTest_RenamePlaylist_RenamedPlaylist" finished-at="2020-11-12T04:45:22Z" duration-ms="6486" status="FAIL">
          <exception class="org.openqa.selenium.interactions.MoveTargetOutOfBoundsException">
            <message>
              <![CDATA[(128, 1031) is out of bounds of viewport width (1400) and height (926)
Build info: version: '3.141.59', revision: 'e82be7d358', time: '2018-11-14T08:17:03'
System info: host: 'Murats-Air.home', ip: 'fd4b:8d38:69ba:1:5d1a:cd94:dbbd:be4d%en0', os.name: 'Mac OS X', os.arch: 'x86_64', os.version: '10.15.7', java.version: '15'
Driver info: org.openqa.selenium.firefox.FirefoxDriver
Capabilities {acceptInsecureCerts: true, browserName: firefox, browserVersion: 82.0.2, javascriptEnabled: true, moz:accessibilityChecks: false, moz:buildID: 20201027185343, moz:geckodriverVersion: 0.27.0, moz:headless: true, moz:processID: 5617, moz:profile: /var/folders/56/yymvc2y933n..., moz:shutdownTimeout: 60000, moz:useNonSpecCompliantPointerOrigin: false, moz:webdriverClick: true, pageLoadStrategy: normal, platform: MAC, platformName: MAC, platformVersion: 19.6.0, rotatable: false, setWindowRect: true, strictFileInteractability: false, timeouts: {implicit: 0, pageLoad: 300000, script: 30000}, unhandledPromptBehavior: dismiss and notify}
Session ID: 9f8924c2-59a2-9e41-90b3-a3d3e083a10b]]>
            </message>
            <full-stacktrace>
              <![CDATA[org.openqa.selenium.interactions.MoveTargetOutOfBoundsException: (128, 1031) is out of bounds of viewport width (1400) and height (926)
Build info: version: '3.141.59', revision: 'e82be7d358', time: '2018-11-14T08:17:03'
System info: host: 'Murats-Air.home', ip: 'fd4b:8d38:69ba:1:5d1a:cd94:dbbd:be4d%en0', os.name: 'Mac OS X', os.arch: 'x86_64', os.version: '10.15.7', java.version: '15'
Driver info: org.openqa.selenium.firefox.FirefoxDriver
Capabilities {acceptInsecureCerts: true, browserName: firefox, browserVersion: 82.0.2, javascriptEnabled: true, moz:accessibilityChecks: false, moz:buildID: 20201027185343, moz:geckodriverVersion: 0.27.0, moz:headless: true, moz:processID: 5617, moz:profile: /var/folders/56/yymvc2y933n..., moz:shutdownTimeout: 60000, moz:useNonSpecCompliantPointerOrigin: false, moz:webdriverClick: true, pageLoadStrategy: normal, platform: MAC, platformName: MAC, platformVersion: 19.6.0, rotatable: false, setWindowRect: true, strictFileInteractability: false, timeouts: {implicit: 0, pageLoad: 300000, script: 30000}, unhandledPromptBehavior: dismiss and notify}
Session ID: 9f8924c2-59a2-9e41-90b3-a3d3e083a10b
at java.base/jdk.internal.reflect.NativeConstructorAccessorImpl.newInstance0(Native Method)
at java.base/jdk.internal.reflect.NativeConstructorAccessorImpl.newInstance(NativeConstructorAccessorImpl.java:64)
at java.base/jdk.internal.reflect.DelegatingConstructorAccessorImpl.newInstance(DelegatingConstructorAccessorImpl.java:45)
at java.base/java.lang.reflect.Constructor.newInstanceWithCaller(Constructor.java:500)
at java.base/java.lang.reflect.Constructor.newInstance(Constructor.java:481)
at org.openqa.selenium.remote.http.W3CHttpResponseCodec.createException(W3CHttpResponseCodec.java:187)
at org.openqa.selenium.remote.http.W3CHttpResponseCodec.decode(W3CHttpResponseCodec.java:122)
at org.openqa.selenium.remote.http.W3CHttpResponseCodec.decode(W3CHttpResponseCodec.java:49)
at org.openqa.selenium.remote.HttpCommandExecutor.execute(HttpCommandExecutor.java:158)
at org.openqa.selenium.remote.service.DriverCommandExecutor.execute(DriverCommandExecutor.java:83)
at org.openqa.selenium.remote.RemoteWebDriver.execute(RemoteWebDriver.java:552)
at org.openqa.selenium.remote.RemoteWebDriver.perform(RemoteWebDriver.java:618)
at org.openqa.selenium.interactions.Actions$BuiltAction.perform(Actions.java:639)
at org.openqa.selenium.interactions.Actions.perform(Actions.java:595)
at pageObjects.MainPage.renamePlaylist(MainPage.java:85)
at pageObjectsTests.PlaylistTests.playlistTest_RenamePlaylist_RenamedPlaylist(PlaylistTests.java:26)
at java.base/jdk.internal.reflect.NativeMethodAccessorImpl.invoke0(Native Method)
at java.base/jdk.internal.reflect.NativeMethodAccessorImpl.invoke(NativeMethodAccessorImpl.java:64)
at java.base/jdk.internal.reflect.DelegatingMethodAccessorImpl.invoke(DelegatingMethodAccessorImpl.java:43)
at java.base/java.lang.reflect.Method.invoke(Method.java:564)
at org.testng.internal.MethodInvocationHelper.invokeMethod(MethodInvocationHelper.java:124)
at org.testng.internal.Invoker.invokeMethod(Invoker.java:583)
at org.testng.internal.Invoker.invokeTestMethod(Invoker.java:719)
at org.testng.internal.Invoker.invokeTestMethods(Invoker.java:989)
at org.testng.internal.TestMethodWorker.invokeTestMethods(TestMethodWorker.java:125)
at org.testng.internal.TestMethodWorker.run(TestMethodWorker.java:109)
at java.base/java.util.concurrent.ThreadPoolExecutor.runWorker(ThreadPoolExecutor.java:1130)
at java.base/java.util.concurrent.ThreadPoolExecutor$Worker.run(ThreadPoolExecutor.java:630)
at java.base/java.lang.Thread.run(Thread.java:832)
]]>
            </full-stacktrace>
          </exception> <!-- org.openqa.selenium.interactions.MoveTargetOutOfBoundsException -->
          <reporter-output>
          </reporter-output>
        </test-method> <!-- playlistTest_RenamePlaylist_RenamedPlaylist -->
        <test-method is-config="true" signature="stopApp(org.testng.ITestResult)[pri:0, instance:pageObjectsTests.PlaylistTests@27adc16e]" started-at="2020-11-12T04:45:22Z" name="stopApp" finished-at="2020-11-12T04:45:23Z" duration-ms="978" status="PASS">
          <params>
            <param index="0">
              <value>
                <![CDATA[[TestResult name=playlistTest_RenamePlaylist_RenamedPlaylist status=FAILURE method=PlaylistTests.playlistTest_RenamePlaylist_RenamedPlaylist()[pri:0, instance:pageObjectsTests.PlaylistTests@27adc16e] output={null}]]]>
              </value>
            </param>
          </params>
          <reporter-output>
          </reporter-output>
        </test-method> <!-- stopApp -->
      </class> <!-- pageObjectsTests.PlaylistTests -->
      <class name="pageObjectsTests.LoginTests">
        <test-method is-config="true" signature="startApp(java.lang.String, java.lang.String, java.lang.String)[pri:0, instance:pageObjectsTests.LoginTests@3b74ac8]" started-at="2020-11-12T04:45:09Z" name="startApp" finished-at="2020-11-12T04:45:15Z" duration-ms="6599" status="PASS">
          <params>
            <param index="0">
              <value>
                <![CDATA[muratj.tm@gmail.com]]>
              </value>
            </param>
            <param index="1">
              <value>
                <![CDATA[te$t$tudent]]>
              </value>
            </param>
            <param index="2">
              <value>
                <![CDATA[FIREFOX]]>
              </value>
            </param>
          </params>
          <reporter-output>
          </reporter-output>
        </test-method> <!-- startApp -->
        <test-method signature="loginTest_CorrectCredentials_SuccessfullyLogin()[pri:0, instance:pageObjectsTests.LoginTests@3b74ac8]" started-at="2020-11-12T04:45:15Z" name="loginTest_CorrectCredentials_SuccessfullyLogin" finished-at="2020-11-12T04:45:20Z" duration-ms="4553" status="PASS">
          <reporter-output>
          </reporter-output>
        </test-method> <!-- loginTest_CorrectCredentials_SuccessfullyLogin -->
        <test-method is-config="true" signature="stopApp(org.testng.ITestResult)[pri:0, instance:pageObjectsTests.LoginTests@3b74ac8]" started-at="2020-11-12T04:45:20Z" name="stopApp" finished-at="2020-11-12T04:45:22Z" duration-ms="2462" status="PASS">
          <params>
            <param index="0">
              <value>
                <![CDATA[[TestResult name=loginTest_CorrectCredentials_SuccessfullyLogin status=SUCCESS method=LoginTests.loginTest_CorrectCredentials_SuccessfullyLogin()[pri:0, instance:pageObjectsTests.LoginTests@3b74ac8] output={null}]]]>
              </value>
            </param>
          </params>
          <reporter-output>
          </reporter-output>
        </test-method> <!-- stopApp -->
      </class> <!-- pageObjectsTests.LoginTests -->
    </test> <!-- All Tests -->
  </suite> <!-- Master Suite -->
</testng-results>
